********************************************************************************
DUPLICATOR-LITE PACKAGE-LOG: August 13, 2019 1:15 pm
NOTICE: Do NOT post to public sites or forums 
********************************************************************************
VERSION:	1.3.18
WORDPRESS:	5.2.2
PHP INFO:	7.1.19 | SAPI: apache2handler
SERVER:		Apache/2.4.34 (Unix) PHP/7.1.19 
PHP TIME LIMIT: (0) no time limit imposed 
PHP MAX MEMORY: 4294967296 (128M default) 
MEMORY STACK: 4MB

********************************************************************************
DATABASE:
********************************************************************************
BUILD MODE:   MYSQLDUMP
MYSQLTIMEOUT: 5000
MYSQLDUMP:    Is Supported
SQL CREATED: 20190723_kultureboom_cb6484130780f9f07075_20190813131539_database.sql
SQL FILE SIZE: 137.98KB (141287)
SQL FILE TIME: 2019-08-13 13:15:49
SQL RUNTIME: 3.35 sec.

********************************************************************************
ARCHIVE (ZIP):
********************************************************************************
ARCHIVE DIR:  /Users/samsonaligba/Sites/kultureboom/private
ARCHIVE FILE: 20190723_kultureboom_cb6484130780f9f07075_20190813131539_archive.zip
FILTERS: *OFF*
DIRS:
	not set
FILES:
	not set
EXTS:  not set
----------------------------------------
COMPRESSING
SIZE:	65.63MB
STATS:	Dirs 422 | Files 3,138
SQL ADDED: 20190723_kultureboom_cb6484130780f9f07075_20190813131539_database.sql
ZipArchive Object
(
    [status] => 0
    [statusSys] => 0
    [numFiles] => 3560
    [filename] => /Users/samsonaligba/Sites/kultureboom/private/wp-snapshots/tmp/20190723_kultureboom_cb6484130780f9f07075_20190813131539_archive.zip
    [comment] => 
)

FILE ADDED TO ZIP: 3559
[PHP ERR][NOTICE] MSG:ob_flush(): failed to flush buffer. No buffer to flush [CODE:8|FILE:/Users/samsonaligba/Sites/kultureboom/private/wp-content/plugins/duplicator/classes/utilities/class.u.php|LINE:172]
COMPRESSION RESULT: '1'
COMPRESSED SIZE: 20.47MB
ARCHIVE RUNTIME: 19.48 sec.
MEMORY STACK: 4MB
building installer
add_extra_files1
add_extra_files2
add_extra_files3
add_extra_files4
Doing archive file check
add_extra_files5
add_extra_files6
add_extra_files8
Successfully opened zip /Users/samsonaligba/Sites/kultureboom/private/wp-snapshots/tmp/20190723_kultureboom_cb6484130780f9f07075_20190813131539_archive.zip
Adding enhanced installer files to archive using ZipArchive
Installer files added to archive
Added to archive
After ziparchive close when adding installer

********************************************************************************
INTEGRITY CHECKS:
********************************************************************************
SQL FILE: 137.98KB
INSTALLER FILE: 59.37KB
ARCHIVE FILE: 21.79MB 
EXPECTED FILE/DIRECTORY COUNT: 3,560
ACTUAL FILE/DIRECTORY COUNT: 3,559
ARCHIVE CONSISTENCY TEST: Pass

********************************************************************************
RECORD ID:[2]
TOTAL PROCESS RUNTIME: 27.02 sec.
PEAK PHP MEMORY USED: 6MB
DONE PROCESSING => 20190723_kultureboom August 13, 2019 1:16 pm

